{"level":"info","message":"Server is running on port 3000","timestamp":"2025-04-05T11:33:04.851Z"}
{"level":"info","message":"Connected to MongoDB","timestamp":"2025-04-05T11:33:05.732Z"}
{"level":"info","message":"::1 - - [05/Apr/2025:11:33:25 +0000] \"GET /api/categories HTTP/1.1\" 200 457 \"-\" \"PostmanRuntime/7.43.3\"","timestamp":"2025-04-05T11:33:25.214Z"}
{"level":"info","message":"Server is running on port 3000","timestamp":"2025-04-05T11:33:50.503Z"}
{"level":"info","message":"Connected to MongoDB","timestamp":"2025-04-05T11:33:50.939Z"}
{"level":"info","message":"::1 - - [05/Apr/2025:11:34:02 +0000] \"GET /api/categories HTTP/1.1\" 200 457 \"-\" \"PostmanRuntime/7.43.3\"","timestamp":"2025-04-05T11:34:02.043Z"}
{"level":"info","message":"::1 - - [05/Apr/2025:11:34:13 +0000] \"GET /api/categories/67f0fe353054129ccb816864 HTTP/1.1\" 200 230 \"-\" \"PostmanRuntime/7.43.3\"","timestamp":"2025-04-05T11:34:13.701Z"}
{"level":"info","message":"::1 - - [05/Apr/2025:11:34:20 +0000] \"PUT /api/categories/67f0fe353054129ccb816864 HTTP/1.1\" 400 45 \"-\" \"PostmanRuntime/7.43.3\"","timestamp":"2025-04-05T11:34:20.010Z"}
{"level":"info","message":"::1 - - [05/Apr/2025:11:34:26 +0000] \"DELETE /api/categories/67f0fe353054129ccb816864 HTTP/1.1\" 204 - \"-\" \"PostmanRuntime/7.43.3\"","timestamp":"2025-04-05T11:34:26.536Z"}
{"level":"info","message":"Server is running on port 3000","timestamp":"2025-04-05T11:34:38.377Z"}
{"level":"info","message":"Connected to MongoDB","timestamp":"2025-04-05T11:34:38.855Z"}
{"level":"info","message":"Server is running on port 3000","timestamp":"2025-04-05T11:34:39.768Z"}
{"level":"info","message":"Connected to MongoDB","timestamp":"2025-04-05T11:34:40.175Z"}
{"level":"info","message":"Server is running on port 3000","timestamp":"2025-04-05T11:35:00.854Z"}
{"level":"info","message":"Connected to MongoDB","timestamp":"2025-04-05T11:35:01.287Z"}
{"level":"info","message":"::1 - - [05/Apr/2025:11:35:07 +0000] \"GET /api/categories HTTP/1.1\" 200 246 \"-\" \"PostmanRuntime/7.43.3\"","timestamp":"2025-04-05T11:35:07.914Z"}
{"level":"info","message":"Server is running on port 3000","timestamp":"2025-04-05T11:35:41.947Z"}
{"level":"info","message":"Connected to MongoDB","timestamp":"2025-04-05T11:35:42.416Z"}
{"level":"info","message":"Server is running on port 3000","timestamp":"2025-04-05T11:36:11.646Z"}
{"level":"info","message":"Connected to MongoDB","timestamp":"2025-04-05T11:36:12.139Z"}
{"level":"info","message":"Server is running on port 3000","timestamp":"2025-04-05T11:36:16.555Z"}
{"level":"info","message":"Connected to MongoDB","timestamp":"2025-04-05T11:36:16.974Z"}
{"level":"info","message":"Server is running on port 3000","timestamp":"2025-04-05T11:36:21.039Z"}
{"level":"info","message":"Connected to MongoDB","timestamp":"2025-04-05T11:36:21.552Z"}
{"level":"info","message":"Server is running on port 3000","timestamp":"2025-04-05T11:36:27.182Z"}
{"level":"info","message":"Connected to MongoDB","timestamp":"2025-04-05T11:36:27.585Z"}
{"level":"info","message":"Server is running on port 3000","timestamp":"2025-04-05T11:36:29.822Z"}
{"level":"info","message":"Connected to MongoDB","timestamp":"2025-04-05T11:36:30.217Z"}
{"level":"info","message":"Server is running on port 3000","timestamp":"2025-04-05T11:36:32.510Z"}
{"level":"info","message":"Connected to MongoDB","timestamp":"2025-04-05T11:36:32.934Z"}
{"level":"info","message":"Server is running on port 3000","timestamp":"2025-04-05T11:36:37.133Z"}
{"level":"info","message":"Connected to MongoDB","timestamp":"2025-04-05T11:36:37.536Z"}
{"level":"info","message":"Server is running on port 3000","timestamp":"2025-04-05T11:36:38.292Z"}
{"level":"info","message":"Connected to MongoDB","timestamp":"2025-04-05T11:36:38.743Z"}
{"level":"info","message":"Server is running on port 3000","timestamp":"2025-04-05T11:36:39.225Z"}
{"level":"info","message":"Connected to MongoDB","timestamp":"2025-04-05T11:36:39.619Z"}
{"level":"info","message":"Server is running on port 3000","timestamp":"2025-04-05T11:36:39.853Z"}
{"level":"info","message":"Connected to MongoDB","timestamp":"2025-04-05T11:36:40.269Z"}
{"level":"info","message":"Server is running on port 3000","timestamp":"2025-04-05T11:36:42.454Z"}
{"level":"info","message":"Server is running on port 3000","timestamp":"2025-04-05T11:36:43.026Z"}
{"level":"info","message":"Connected to MongoDB","timestamp":"2025-04-05T11:36:43.444Z"}
{"level":"info","message":"Server is running on port 3000","timestamp":"2025-04-05T11:39:03.838Z"}
{"level":"info","message":"Connected to MongoDB","timestamp":"2025-04-05T11:39:04.315Z"}
{"level":"info","message":"Server is running on port 3000","timestamp":"2025-04-05T11:39:06.641Z"}
{"level":"info","message":"Connected to MongoDB","timestamp":"2025-04-05T11:39:07.051Z"}
{"level":"info","message":"Server is running on port 3000","timestamp":"2025-04-05T11:39:08.972Z"}
{"level":"info","message":"Connected to MongoDB","timestamp":"2025-04-05T11:39:09.396Z"}
{"level":"info","message":"Server is running on port 3000","timestamp":"2025-04-05T11:39:11.223Z"}
{"level":"info","message":"Connected to MongoDB","timestamp":"2025-04-05T11:39:11.636Z"}
{"level":"info","message":"Server is running on port 3000","timestamp":"2025-04-05T11:39:12.906Z"}
{"level":"info","message":"Connected to MongoDB","timestamp":"2025-04-05T11:39:13.316Z"}
{"level":"info","message":"Server is running on port 3000","timestamp":"2025-04-05T11:39:19.381Z"}
{"level":"info","message":"Connected to MongoDB","timestamp":"2025-04-05T11:39:19.833Z"}
{"level":"info","message":"Server is running on port 3000","timestamp":"2025-04-05T11:39:35.892Z"}
{"level":"info","message":"Connected to MongoDB","timestamp":"2025-04-05T11:39:36.299Z"}
{"level":"info","message":"Server is running on port 3000","timestamp":"2025-04-05T11:39:40.558Z"}
{"level":"info","message":"Connected to MongoDB","timestamp":"2025-04-05T11:39:40.963Z"}
{"level":"info","message":"Server is running on port 3000","timestamp":"2025-04-05T11:39:43.725Z"}
{"level":"info","message":"Server is running on port 3000","timestamp":"2025-04-05T11:39:44.288Z"}
{"level":"info","message":"Connected to MongoDB","timestamp":"2025-04-05T11:39:44.687Z"}
{"level":"info","message":"Server is running on port 3000","timestamp":"2025-04-05T11:39:58.471Z"}
{"level":"info","message":"Connected to MongoDB","timestamp":"2025-04-05T11:39:58.878Z"}
{"level":"info","message":"Server is running on port 3000","timestamp":"2025-04-05T11:39:59.650Z"}
{"level":"info","message":"Server is running on port 3000","timestamp":"2025-04-05T11:40:00.156Z"}
{"level":"info","message":"Server is running on port 3000","timestamp":"2025-04-05T11:40:00.440Z"}
{"level":"info","message":"Connected to MongoDB","timestamp":"2025-04-05T11:40:00.856Z"}
{"level":"info","message":"::1 - - [05/Apr/2025:11:40:44 +0000] \"GET /api/categories HTTP/1.1\" 200 246 \"-\" \"PostmanRuntime/7.43.3\"","timestamp":"2025-04-05T11:40:44.676Z"}
{"level":"info","message":"::1 - - [05/Apr/2025:11:40:48 +0000] \"PUT /api/categories/67f0fe353054129ccb816864 HTTP/1.1\" 404 49 \"-\" \"PostmanRuntime/7.43.3\"","timestamp":"2025-04-05T11:40:48.344Z"}
{"level":"info","message":"::1 - - [05/Apr/2025:11:40:59 +0000] \"GET /api/categories HTTP/1.1\" 200 246 \"-\" \"PostmanRuntime/7.43.3\"","timestamp":"2025-04-05T11:40:59.399Z"}
{"level":"info","message":"::1 - - [05/Apr/2025:11:41:06 +0000] \"GET /api/categories/67f0fe353054129ccb816864 HTTP/1.1\" 200 45 \"-\" \"PostmanRuntime/7.43.3\"","timestamp":"2025-04-05T11:41:06.642Z"}
{"level":"info","message":"::1 - - [05/Apr/2025:11:41:08 +0000] \"GET /api/categories/67f0ff387cbca70e5787f703 HTTP/1.1\" 200 242 \"-\" \"PostmanRuntime/7.43.3\"","timestamp":"2025-04-05T11:41:08.445Z"}
{"level":"info","message":"::1 - - [05/Apr/2025:11:41:10 +0000] \"GET /api/categories/67f0ff387cbca70e5787f703 HTTP/1.1\" 200 242 \"-\" \"PostmanRuntime/7.43.3\"","timestamp":"2025-04-05T11:41:10.512Z"}
{"level":"info","message":"::1 - - [05/Apr/2025:11:41:15 +0000] \"PUT /api/categories/67f0ff387cbca70e5787f703 HTTP/1.1\" 400 45 \"-\" \"PostmanRuntime/7.43.3\"","timestamp":"2025-04-05T11:41:15.257Z"}
{"level":"info","message":"::1 - - [05/Apr/2025:11:41:16 +0000] \"PUT /api/categories/67f0ff387cbca70e5787f703 HTTP/1.1\" 400 45 \"-\" \"PostmanRuntime/7.43.3\"","timestamp":"2025-04-05T11:41:16.781Z"}
{"level":"info","message":"::1 - - [05/Apr/2025:11:41:20 +0000] \"DELETE /api/categories/67f0ff387cbca70e5787f703 HTTP/1.1\" 204 - \"-\" \"PostmanRuntime/7.43.3\"","timestamp":"2025-04-05T11:41:20.355Z"}
{"level":"info","message":"::1 - - [05/Apr/2025:11:41:24 +0000] \"DELETE /api/categories/67f0ff387cbca70e5787f703 HTTP/1.1\" 404 49 \"-\" \"PostmanRuntime/7.43.3\"","timestamp":"2025-04-05T11:41:24.876Z"}
{"level":"info","message":"::1 - - [05/Apr/2025:11:41:35 +0000] \"GET /api/categories HTTP/1.1\" 200 45 \"-\" \"PostmanRuntime/7.43.3\"","timestamp":"2025-04-05T11:41:35.214Z"}
{"level":"info","message":"::1 - - [05/Apr/2025:11:41:37 +0000] \"GET /api/categories HTTP/1.1\" 200 45 \"-\" \"PostmanRuntime/7.43.3\"","timestamp":"2025-04-05T11:41:37.009Z"}
